<?xml version="1.0" encoding="UTF-8"?>
<!-- Generated by org.testng.reporters.JUnitReportReporter -->
<testsuite hostname="DESKTOP-2ARDBL8" failures="0" tests="1" name="executetest.InputFormTest" time="47.054" errors="0" timestamp="01 Oct 2023 17:26:15 GMT" skipped="0">
  <testcase classname="executetest.InputFormTest" name="verifyShowMessageButtonDisplay" time="47.054"/>
</testsuite> <!-- executetest.InputFormTest -->
