<?xml version="1.0" encoding="UTF-8"?>
<!-- Generated by org.testng.reporters.JUnitReportReporter -->
<testsuite hostname="DESKTOP-2ARDBL8" failures="0" tests="1" name="executetest.DatePickersTest" time="9.486" errors="0" timestamp="01 Oct 2023 17:31:54 GMT" skipped="0">
  <testcase classname="executetest.DatePickersTest" name="verifyShowDate" time="9.486"/>
</testsuite> <!-- executetest.DatePickersTest -->
