<?xml version="1.0" encoding="UTF-8"?>
<!-- Generated by org.testng.reporters.JUnitReportReporter -->
<testsuite hostname="DESKTOP-2ARDBL8" failures="0" tests="1" name="executetest.DatePickersTest" time="9.947" errors="0" timestamp="02 Oct 2023 13:20:33 GMT" skipped="0">
  <testcase classname="executetest.DatePickersTest" name="verifyShowDate" time="9.947"/>
</testsuite> <!-- executetest.DatePickersTest -->
