<?xml version="1.0" encoding="UTF-8"?>
<!-- Generated by org.testng.reporters.JUnitReportReporter -->
<testsuite hostname="DESKTOP-2ARDBL8" failures="0" tests="1" name="executetest.ListBoxTest" time="6.749" errors="0" timestamp="28 Sep 2023 13:25:01 GMT" skipped="0">
  <testcase classname="executetest.ListBoxTest" name="verifyLogoDisplayed" time="6.749"/>
</testsuite> <!-- executetest.ListBoxTest -->
